[debug] [2019-02-06T11:14:12.913Z] ----------------------------------------------------------------------
[debug] [2019-02-06T11:14:12.916Z] Command:       C:\Program Files (x86)\Nodist\v-x64\8.15.0\node.exe C:\Users\papa\AppData\Local\Yarn\Data\global\node_modules\firebase-tools\lib\bin\firebase.js deploy
[debug] [2019-02-06T11:14:12.917Z] CLI Version:   6.3.1
[debug] [2019-02-06T11:14:12.917Z] Platform:      win32
[debug] [2019-02-06T11:14:12.917Z] Node Version:  v8.15.0
[debug] [2019-02-06T11:14:12.918Z] Time:          Wed Feb 06 2019 20:14:12 GMT+0900 (東京 (標準時))
[debug] [2019-02-06T11:14:12.918Z] ----------------------------------------------------------------------
[debug] 
[debug] [2019-02-06T11:14:12.946Z] > command requires scopes: ["email","openid","https://www.googleapis.com/auth/cloudplatformprojects.readonly","https://www.googleapis.com/auth/firebase","https://www.googleapis.com/auth/cloud-platform"]
[debug] [2019-02-06T11:14:12.946Z] > authorizing via signed-in user
[debug] [2019-02-06T11:14:12.946Z] [iam] checking project moneta-f39eb for permissions ["cloudfunctions.functions.create","cloudfunctions.functions.delete","cloudfunctions.functions.get","cloudfunctions.functions.list","cloudfunctions.functions.update","cloudfunctions.operations.get","firebase.projects.get"]
[debug] [2019-02-06T11:14:12.948Z] > refreshing access token with scopes: ["email","https://www.googleapis.com/auth/cloud-platform","https://www.googleapis.com/auth/cloudplatformprojects.readonly","https://www.googleapis.com/auth/firebase","openid"]
[debug] [2019-02-06T11:14:12.949Z] >>> HTTP REQUEST POST https://www.googleapis.com/oauth2/v3/token  
 <request body omitted>
[debug] [2019-02-06T11:14:13.143Z] <<< HTTP RESPONSE 200
[debug] [2019-02-06T11:14:13.154Z] >>> HTTP REQUEST POST https://cloudresourcemanager.googleapis.com/v1/projects/moneta-f39eb:testIamPermissions  

[debug] [2019-02-06T11:14:13.899Z] <<< HTTP RESPONSE 200
[info] 
[info] === Deploying to 'moneta-f39eb'...
[info] 
[info] i  deploying functions
[debug] [2019-02-06T11:14:21.403Z] > [functions] package.json contents: {
  "name": "functions",
  "description": "Cloud Functions for Firebase",
  "scripts": {
    "serve": "firebase serve --only functions",
    "shell": "firebase functions:shell",
    "start": "npm run shell",
    "deploy": "firebase deploy --only functions",
    "logs": "firebase functions:log"
  },
  "dependencies": {
    "actions-on-google": "^2.5.0",
    "cors": "^2.8.5",
    "firebase-admin": "~6.0.0",
    "firebase-functions": "^2.1.0"
  },
  "private": true,
  "engines": {
    "node": "8"
  }
}
[info] i  functions: ensuring necessary APIs are enabled...
[debug] [2019-02-06T11:14:21.404Z] >>> HTTP REQUEST GET https://servicemanagement.googleapis.com/v1/services/cloudfunctions.googleapis.com/projectSettings/moneta-f39eb?view=CONSUMER_VIEW  
 
[debug] [2019-02-06T11:14:21.405Z] >>> HTTP REQUEST GET https://servicemanagement.googleapis.com/v1/services/runtimeconfig.googleapis.com/projectSettings/moneta-f39eb?view=CONSUMER_VIEW  
 
[debug] [2019-02-06T11:14:22.987Z] <<< HTTP RESPONSE 200
[info] +  functions: all necessary APIs are enabled
[debug] [2019-02-06T11:14:23.011Z] <<< HTTP RESPONSE 200
[debug] [2019-02-06T11:14:23.012Z] >>> HTTP REQUEST GET https://cloudresourcemanager.googleapis.com/v1/projects/moneta-f39eb  
 
[debug] [2019-02-06T11:14:23.740Z] <<< HTTP RESPONSE 200
[debug] [2019-02-06T11:14:23.740Z] >>> HTTP REQUEST GET https://mobilesdk-pa.googleapis.com/v1/projects/450912157988:getServerAppConfig  
 
[debug] [2019-02-06T11:14:24.507Z] <<< HTTP RESPONSE 200
[info] i  functions: preparing functions directory for uploading...
[debug] [2019-02-06T11:14:24.514Z] >>> HTTP REQUEST GET https://runtimeconfig.googleapis.com/v1beta1/projects/moneta-f39eb/configs  
 
[debug] [2019-02-06T11:14:24.858Z] <<< HTTP RESPONSE 200
[info] i  functions: packaged functions (57.91 KB) for uploading
[debug] [2019-02-06T11:14:30.191Z] >>> HTTP REQUEST POST https://cloudfunctions.googleapis.com/v1/projects/moneta-f39eb/locations/us-central1/functions:generateUploadUrl  
 
[debug] [2019-02-06T11:14:30.706Z] <<< HTTP RESPONSE 200
[debug] [2019-02-06T11:14:30.706Z] >>> HTTP REQUEST PUT https://storage.googleapis.com/gcf-upload-us-central1-ef90c3ac-0020-41b5-bc0f-b38adb9ff903/1978e1dd-f436-430b-8d4b-a6243ff407de.zip?GoogleAccessId=service-450912157988@gcf-admin-robot.iam.gserviceaccount.com&Expires=1549453468&Signature=hiOvPU0IfW8ph0vj4mw5c5utDPde%2BMMl1DKRqeUTggEwBmBAKkTegOoIm53lmyJsQ3nf0YbJffB3GA2SqAQZKF7778N5vELBNe0zQfHAgY0TCKdAGN3h9ZSkn3SBUSSZ5RyGJY0xiZh8rK%2F%2FLHftK%2B9oHFkV2AhhpBK2U8ne4B9o3BXiZm2eVCX%2BEBv0INIB9xp2I74JVRhEo1yZ%2BUoRl6PqrKB8PTTHqTdokcHi5aEOhF%2FZycmDjYTKeGXPnNKbJ%2BnUGIUAvf7zzotJXGsZ7PLPJzhlpJlxTF02xLqEm2dVEWewNDb4FewWdP7UaEx1Vnlbbflxr9DaRapnlEhAUw%3D%3D  

[debug] [2019-02-06T11:14:31.134Z] <<< HTTP RESPONSE 200
[info] +  functions: functions folder uploaded successfully
[debug] [2019-02-06T11:14:31.138Z] >>> HTTP REQUEST GET https://cloudfunctions.googleapis.com/v1/projects/moneta-f39eb/locations/-/functions  
 
[debug] [2019-02-06T11:14:31.553Z] <<< HTTP RESPONSE 200
[info] i  functions: updating Node.js 8 function getBalance(us-central1)...
[debug] [2019-02-06T11:14:31.558Z] Trigger is:  {"httpsTrigger":{}}
[info] i  functions: updating Node.js 8 function createAccount(us-central1)...
[debug] [2019-02-06T11:14:31.559Z] Trigger is:  {"httpsTrigger":{}}
[info] i  functions: updating Node.js 8 function transfer(us-central1)...
[debug] [2019-02-06T11:14:31.561Z] Trigger is:  {"httpsTrigger":{}}
[debug] [2019-02-06T11:14:31.562Z] >>> HTTP REQUEST PATCH https://cloudfunctions.googleapis.com/v1/projects/moneta-f39eb/locations/us-central1/functions/getBalance {"updateMask":"sourceUploadUrl,name,labels,runtime,httpsTrigger"} 

[debug] [2019-02-06T11:14:31.563Z] >>> HTTP REQUEST PATCH https://cloudfunctions.googleapis.com/v1/projects/moneta-f39eb/locations/us-central1/functions/createAccount {"updateMask":"sourceUploadUrl,name,labels,runtime,httpsTrigger"} 

[debug] [2019-02-06T11:14:31.564Z] >>> HTTP REQUEST PATCH https://cloudfunctions.googleapis.com/v1/projects/moneta-f39eb/locations/us-central1/functions/transfer {"updateMask":"sourceUploadUrl,name,labels,runtime,httpsTrigger"} 

[debug] [2019-02-06T11:14:32.367Z] <<< HTTP RESPONSE 200
[debug] [2019-02-06T11:14:32.403Z] <<< HTTP RESPONSE 200
[debug] [2019-02-06T11:14:32.444Z] <<< HTTP RESPONSE 200
[debug] [2019-02-06T11:14:32.445Z] >>> HTTP REQUEST GET https://cloudfunctions.googleapis.com/v1/projects/moneta-f39eb/locations/-/functions  
 
[debug] [2019-02-06T11:14:32.856Z] <<< HTTP RESPONSE 200
[debug] [2019-02-06T11:14:32.858Z] >>> HTTP REQUEST GET https://cloudfunctions.googleapis.com/v1/operations/bW9uZXRhLWYzOWViL3VzLWNlbnRyYWwxL2dldEJhbGFuY2UvUjRjSjF1aUFBNzA  
 
[debug] [2019-02-06T11:14:32.859Z] >>> HTTP REQUEST GET https://cloudfunctions.googleapis.com/v1/operations/bW9uZXRhLWYzOWViL3VzLWNlbnRyYWwxL2NyZWF0ZUFjY291bnQvOFVtTFdXNjJBQkk  
 
[debug] [2019-02-06T11:14:32.860Z] >>> HTTP REQUEST GET https://cloudfunctions.googleapis.com/v1/operations/bW9uZXRhLWYzOWViL3VzLWNlbnRyYWwxL3RyYW5zZmVyL1kwUEg0cWphOXRz  
 
[debug] [2019-02-06T11:14:33.168Z] <<< HTTP RESPONSE 200
[debug] [2019-02-06T11:14:33.171Z] <<< HTTP RESPONSE 200
[debug] [2019-02-06T11:14:33.180Z] <<< HTTP RESPONSE 200
[debug] [2019-02-06T11:14:35.170Z] >>> HTTP REQUEST GET https://cloudfunctions.googleapis.com/v1/operations/bW9uZXRhLWYzOWViL3VzLWNlbnRyYWwxL2dldEJhbGFuY2UvUjRjSjF1aUFBNzA  
 
[debug] [2019-02-06T11:14:35.172Z] >>> HTTP REQUEST GET https://cloudfunctions.googleapis.com/v1/operations/bW9uZXRhLWYzOWViL3VzLWNlbnRyYWwxL3RyYW5zZmVyL1kwUEg0cWphOXRz  
 
[debug] [2019-02-06T11:14:35.181Z] >>> HTTP REQUEST GET https://cloudfunctions.googleapis.com/v1/operations/bW9uZXRhLWYzOWViL3VzLWNlbnRyYWwxL2NyZWF0ZUFjY291bnQvOFVtTFdXNjJBQkk  
 
[debug] [2019-02-06T11:14:35.479Z] <<< HTTP RESPONSE 200
[debug] [2019-02-06T11:14:35.486Z] <<< HTTP RESPONSE 200
[debug] [2019-02-06T11:14:35.493Z] <<< HTTP RESPONSE 200
[debug] [2019-02-06T11:14:37.481Z] >>> HTTP REQUEST GET https://cloudfunctions.googleapis.com/v1/operations/bW9uZXRhLWYzOWViL3VzLWNlbnRyYWwxL2dldEJhbGFuY2UvUjRjSjF1aUFBNzA  
 
[debug] [2019-02-06T11:14:37.487Z] >>> HTTP REQUEST GET https://cloudfunctions.googleapis.com/v1/operations/bW9uZXRhLWYzOWViL3VzLWNlbnRyYWwxL3RyYW5zZmVyL1kwUEg0cWphOXRz  
 
[debug] [2019-02-06T11:14:37.494Z] >>> HTTP REQUEST GET https://cloudfunctions.googleapis.com/v1/operations/bW9uZXRhLWYzOWViL3VzLWNlbnRyYWwxL2NyZWF0ZUFjY291bnQvOFVtTFdXNjJBQkk  
 
[debug] [2019-02-06T11:14:37.772Z] <<< HTTP RESPONSE 200
[debug] [2019-02-06T11:14:37.776Z] <<< HTTP RESPONSE 200
[debug] [2019-02-06T11:14:37.782Z] <<< HTTP RESPONSE 200
